This is pdfTeX, Version 3.14159-14h-released-20010417 (Web2C 7.3.3.1) (format=pdftex 2003.2.18)  2 MAR 2004 22:19
**/tmp/t2d13285/src/gcc.texi
(/tmp/t2d13285/src/gcc.texi{/usr/share/texmf/pdftex/config/pdftex.cfg}
Babel <v3.7h> and hyphenation patterns for american, french, german, ngerman, i
talian, nohyphenation, loaded.
(./texinfo.tex Loading texinfo package [Version 2.72]:  Basics,
\bindingoffset=\dimen16
\normaloffset=\dimen17
\pagewidth=\dimen18
\pageheight=\dimen19
\cornerlong=\dimen20
\cornerthick=\dimen21
\topandbottommargin=\dimen22
\outerhsize=\dimen23
\outervsize=\dimen24
\EMsimple=\toks12
\singlespaceskip=\skip18
\groupinvalidhelp=\toks13
\mil=\dimen25
\exdentamount=\skip19
 fonts,
\sffam=\fam8
\fontdepth=\count26
\tclosesave=\dimen26
\tcloserm=\dimen27

page headings,
\titlepagetopglue=\skip20
\titlepagebottomglue=\skip21
\realeverypar=\toks14
\evenheadline=\toks15
\oddheadline=\toks16
\evenfootline=\toks17
\oddfootline=\toks18
 tables,
\tableindent=\dimen28
\itemindent=\dimen29
\itemmargin=\dimen30
\itemmax=\dimen31
\itemno=\count27
 indexing,
\initialskipamount=\skip22
\secondaryindent=\skip23
\partialpage=\box16
\doublecolumnhsize=\dimen32
\doublecolumnvsize=\dimen33
\availdimen@=\dimen34
 sectioning,
\chapno=\count28
\secno=\count29
\subsecno=\count30
\subsubsecno=\count31
\appendixno=\count32
\contentsfile=\write0
\chapheadingskip=\skip24
\subsecheadingskip=\skip25
\secheadingskip=\skip26
 toc printing,
\contentsrightmargin=\skip27
\tocindent=\dimen35
 environments,
\dblarrowbox=\box17
\longdblarrowbox=\box18
\pushcharbox=\box19
\bullbox=\box20
\equivbox=\box21
\errorbox=\box22
\lispnarrowing=\skip28
\aboveenvskipamount=\skip29
\circthick=\dimen36
\cartouter=\dimen37
\cartinner=\dimen38
\normbskip=\skip30
\normpskip=\skip31
\normlskip=\skip32
\lskip=\skip33
\rskip=\skip34

defuns,
\defbodyindent=\skip35
\defargsindent=\skip36
\deftypemargin=\skip37
\deflastargmargin=\skip38
\parencount=\count33
 cross reference,
\auxfile=\write1
\footnoteno=\count34
 and turning on texinfo input format.
\defaultparindent=\dimen39
) (./gcc.aux)
@cpindfile=@write2
@fnindfile=@write3
@vrindfile=@write4
@tpindfile=@write5
@kyindfile=@write6
@pgindfile=@write7

[1
\openout1 = `gcc.aux'.

\openout0 = `gcc.toc'.

\openout2 = `gcc.cp'.

\openout3 = `gcc.fn'.

\openout4 = `gcc.vr'.

\openout5 = `gcc.tp'.

\openout6 = `gcc.ky'.

\openout7 = `gcc.pg'.

{/usr/share/texmf/dvips/config/pdftex.map}] [2] (GNU GENERAL PUBLIC LICENSE)
[1] [2] [3] [4] [5] [6] [7] (Contributors to GNU CC) [8] [9] Chapter 1 [10]
[11] [12] Chapter 2 [13] [14] [15] [16] [17] [18] [19] [20] [21] [22] [23]
[24] [25] [26] [27] [28] [29] [30] [31] [32] [33] [34] [35] [36] [37] [38]
[39] [40] [41] [42] [43] [44] [45] [46] [47] [48] [49] [50] [51] Chapter 3
[52] [53] [54] [55] [56] [57] [58] [59] [60] [61] [62] [63] [64] [65] [66]
[67] Chapter 4 [68] [69] [70] [71] [72] [73] [74] [75] [76] [77] [78] [79]
[80] [81] [82] [83] [84] [85] [86] [87] [88] [89] [90] [91] [92] [93] [94]
[95] [96] [97] [98] [99] [100] Chapter 5 [101] [102] [103] [104] [105] [106]
[107] [108] [109] [110] [111] [112] Chapter 6 [113] [114] [115] [116] [117]
[118] [119] [120] [121] Chapter 7 [122] Chapter 8 [123] [124] [125] [126]
[127] [128] [129] Chapter 9 [130] Chapter 10 [131] [132] [133] Chapter 11
[134] [135] [136] [137] [138] [139] Chapter 12 [140] [141] [142] [143] [144]
[145] [146] [147] [148] [149] [150] [151] [152] [153] [154] [155] [156]
[157] [158] [159] [160] [161] [162] [163] [164] [165] [166] [167] [168]
[169] [170] [171] [172] [173] [174] [175] [176] [177] [178] [179] Chapter 13
[180] [181] [182] [183] [184] [185] [186] [187] [188] [189] [190] [191]
[192] [193] [194] [195] [196] [197] [198] [199] [200] [201] [202] [203]
[204] [205] [206] [207] [208] [209] [210] [211] [212] [213] [214] [215]
[216] [217] [218] [219] [220] [221] [222] [223] [224] [225] [226] [227]
[228] [229] [230] [231] [232] [233] [234] [235] Chapter 14 [236] [237] [238]
[239] [240] [241] [242] [243] [244] [245] [246] [247] [248] [249] [250]
[251] [252] [253] [254] [255] [256] [257] [258] [259] [260] [261] [262]
[263] [264] [265] [266] [267] [268] [269] [270] [271] [272] [273] [274]
[275] [276] [277] [278] [279] [280] [281] [282] [283] [284] [285] [286]
[287] [288] [289] [290] [291] [292] [293] [294] [295] [296] [297] [298]
[299] [300] [301] [302] [303] [304] [305] [306] [307] [308] [309] [310]
[311] [312] [313] [314] [315] [316] [317] [318] [319] Chapter 15 [320] [321]
[322] (Index) [323] [324] (./gcc.cps [325] [326] [327] [328] [329] [330]
[331] [332] [333] [334] [335] [336] [337] [338] [339] [340] [341] [342]
[343]) [-1] [-2] (./gcc.toc [-3] [-4] [-5] [-6] [-7]) [-8] ) 
Here is how much of TeX's memory you used:
 1161 strings out of 22500
 14228 string characters out of 213816
 42937 words of memory out of 350001
 2198 multiletter control sequences out of 10000+15000
 26608 words of font info for 90 fonts, out of 400000 for 1000
 18 hyphenation exceptions out of 10000
 12i,6n,10p,223b,207s stack positions out of 3000i,100n,1500p,50000b,4000s
</usr/share/texmf/f
onts/type1/bluesky/cm/cmsl9.pfb></usr/share/texmf/fonts/type1/bluesky/cm/cmmi9.
pfb></usr/share/texmf/fonts/type1/bluesky/cm/cmtt9.pfb></usr/share/texmf/fonts/
type1/bluesky/cm/cmr9.pfb></usr/share/texmf/fonts/type1/bluesky/cm/cmmi12.pfb><
/usr/share/texmf/fonts/type1/bluesky/cm/cmtt12.pfb></usr/share/texmf/fonts/type
1/bluesky/cm/cmr7.pfb></usr/share/texmf/fonts/type1/bluesky/cm/cmb10.pfb></usr/
share/texmf/fonts/type1/bluesky/cm/cmmi10.pfb></usr/share/texmf/fonts/type1/blu
esky/cm/cmtt10.pfb></usr/share/texmf/fonts/type1/bluesky/cm/cmsl10.pfb></usr/sh
are/texmf/fonts/type1/bluesky/cm/cmsy10.pfb></usr/share/texmf/fonts/type1/blues
ky/cm/cmr10.pfb></usr/share/texmf/fonts/type1/bluesky/cm/cmbx12.pfb>
Output written on gcc.pdf (353 pages, 1094878 bytes).
