~johnsonm : could not test file error in HyperNews/get/khg.html
~johnsonm : could not test file error in HyperNews/get/khg.html
~johnsonm : could not test file error in HyperNews/get/khg.html
~johnsonm : could not test file error in HyperNews/get/khg.html
~johnsonm : could not test file error in HyperNews/get/khg.html
~johnsonm : could not test file error in HyperNews/get/khg.html
~johnsonm : could not test file error in HyperNews/get/khg.html
~johnsonm : could not test file error in HyperNews/get/khg.html
~johnsonm : could not test file error in HyperNews/get/khg.html
~johnsonm : could not test file error in HyperNews/get/khg.html
~johnsonm : could not test file error in HyperNews/get/khg.html
~johnsonm : could not test file error in HyperNews/get/khg.html
~johnsonm : could not test file error in HyperNews/get/khg.html
~johnsonm : could not test file error in HyperNews/get/khg.html
~johnsonm : could not test file error in HyperNews/get/khg.html
~johnsonm : could not test file error in HyperNews/get/khg.html
~johnsonm : could not test file error in HyperNews/get/khg.html
~johnsonm : could not test file error in HyperNews/get/khg.html
~johnsonm : could not test file error in HyperNews/get/khg.html
~johnsonm : could not test file error in HyperNews/get/khg.html
~johnsonm : could not test file error in HyperNews/get/khg.html
~johnsonm : could not test file error in HyperNews/get/khg.html
~johnsonm : could not test file error in HyperNews/get/khg.html
~johnsonm : could not test file error in HyperNews/get/khg.html
~johnsonm : could not test file error in HyperNews/get/khg.html
~johnsonm : could not test file error in HyperNews/get/khg.html
linux-info/ldp/LDP/tlk/tlk.html : 404 : Not Found
~johnsonm : could not test file error in HyperNews/get/tour/tour.htmlL----QUESTION.
~johnsonm : could not test file error in HyperNews/get/tour/tour/4.htmlL----QUESTION.
~johnsonm : could not test file error in HyperNews/get/devices/whatis.htmlL----QUESTION.
~johnsonm : could not test file error in HyperNews/get/devices/whatis/1.htmlL----QUESTION.
~johnsonm : could not test file error in HyperNews/get/devices/fake.htmlL----QUESTION.
~johnsonm : could not test file error in HyperNews/get/devices/fake/1.htmlL----QUESTION.
~johnsonm : could not test file error in HyperNews/get/bib/bib.htmlL----QUESTION.
~johnsonm : could not test file error in HyperNews/get/bib/bib.htmlL----QUESTION.
~johnsonm : could not test file error in HyperNews/get/bib/bib.htmlL----QUESTION.
~johnsonm : could not test file error in HyperNews/get/bib/bib/1.htmlL----QUESTION.
~johnsonm : could not test file error in HyperNews/get/bib/bib/1/1.htmlL----QUESTION.
~johnsonm : could not test file error in HyperNews/get/bib/bib/2.htmlL----QUESTION.
~johnsonm : could not test file error in HyperNews/get/bib/bib/2.htmlL----QUESTION.
~johnsonm : could not test file error in HyperNews/get/devices/char.htmlL----QUESTION.
~johnsonm : could not test file error in HyperNews/get/devices/block.htmlL----QUESTION.
~johnsonm : could not test file error in HyperNews/get/devices/block/3.htmlL----QUESTION.
~johnsonm : could not test file error in HyperNews/get/devices/reference.htmlL----QUESTION.
~johnsonm : could not test file error in HyperNews/get/devices/reference.htmlL----QUESTION.
~johnsonm : could not test file error in HyperNews/get/devices/reference.htmlL----QUESTION.
~johnsonm : could not test file error in HyperNews/get/devices/reference/1.htmlL----QUESTION.
~johnsonm : could not test file error in HyperNews/get/devices/reference/1.htmlL----QUESTION.
~johnsonm/devices.html : 404 : Not Found
~johnsonm : could not test file error in HyperNews/get/devices/devices.htmlL----QUESTION.
~johnsonm : could not test file error in HyperNews/get/devices/devices.htmlL----QUESTION.
~johnsonm : could not test file error in HyperNews/get/devices/devices.htmlL----QUESTION.
~johnsonm : could not test file error in HyperNews/get/devices/devices.htmlL----QUESTION.
~johnsonm : could not test file error in HyperNews/get/devices/devices.htmlL----QUESTION.
~johnsonm : could not test file error in HyperNews/get/devices/devices.htmlL----QUESTION.
~johnsonm : could not test file error in HyperNews/get/devices/devices.htmlL----QUESTION.
~johnsonm : could not test file error in HyperNews/get/devices/devices.htmlL----QUESTION.
~johnsonm : could not test file error in HyperNews/get/devices/devices.htmlL----QUESTION.
~johnsonm : could not test file error in HyperNews/get/devices/devices.htmlL----QUESTION.
~johnsonm : could not test file error in HyperNews/get/devices/devices.htmlL----QUESTION.
~johnsonm : could not test file error in HyperNews/get/devices/devices.htmlL----QUESTION.
~johnsonm : could not test file error in HyperNews/get/devices/devices.htmlL----QUESTION.
~johnsonm : could not test file error in HyperNews/get/devices/devices/43.htmlL----QUESTION.
~johnsonm : could not test file error in HyperNews/get/devices/devices/38.htmlL----QUESTION.
~johnsonm : could not test file error in HyperNews/get/devices/devices/36.htmlL----QUESTION.
~johnsonm : could not test file error in HyperNews/get/devices/devices/35.htmlL----QUESTION.
~johnsonm : could not test file error in HyperNews/get/devices/devices/27/1/1.htmlL----QUESTION.
~johnsonm : could not test file error in HyperNews/get/devices/devices/27/1/1.htmlL----QUESTION.
~johnsonm : could not test file error in HyperNews/get/devices/devices/10.htmlL----QUESTION.
~johnsonm : could not test file error in HyperNews/get/devices/devices/7.htmlL----QUESTION.
~johnsonm : could not test file error in HyperNews/get/devices/devices/4.htmlL----QUESTION.
~johnsonm : could not test file error in HyperNews/get/fs/fs.htmlL----QUESTION.
~johnsonm : could not test file error in HyperNews/get/fs/fs.htmlL----QUESTION.
~johnsonm : could not test file error in HyperNews/get/fs/fs.htmlL----QUESTION.
~johnsonm : could not test file error in HyperNews/get/fs/fs.htmlL----QUESTION.
~johnsonm : could not test file error in HyperNews/get/fs/fs.htmlL----QUESTION.
~johnsonm : could not test file error in HyperNews/get/fs/fs/21.htmlL----QUESTION.
~johnsonm : could not test file error in HyperNews/get/fs/fs/21/1.htmlL----QUESTION.
~johnsonm : could not test file error in HyperNews/get/fs/fs/5.htmlL----QUESTION.
~johnsonm : could not test file error in HyperNews/get/fs/fs/1.htmlL----QUESTION.
~johnsonm : could not test file error in HyperNews/get/syscall/syscall86.htmlL----QUESTION.
~johnsonm : could not test file error in HyperNews/get/syscall/syscall86.htmlL----QUESTION.
~johnsonm : could not test file error in HyperNews/get/syscall/syscall86/7.htmlL----QUESTION.
~johnsonm : could not test file error in HyperNews/get/syscall/syscall86/1.htmlL----QUESTION.
~johnsonm : could not test file error in HyperNews/get/syscall/syscall86/1/1.htmlL----QUESTION.
~johnsonm : could not test file error in HyperNews/get/other.htmlL----QUESTION.
~johnsonm : could not test file error in HyperNews/get/other.htmlL----QUESTION.
~johnsonm : could not test file error in HyperNews/get/other.htmlL----QUESTION.
~johnsonm : could not test file error in HyperNews/get/other.htmlL----QUESTION.
~johnsonm : could not test file error in HyperNews/get/other/7.htmlL----QUESTION.
~johnsonm : could not test file error in HyperNews/get/other/7/1.htmlL----QUESTION.
~johnsonm : could not test file error in HyperNews/get/other/3.htmlL----QUESTION.
~johnsonm : could not test file error in HyperNews/get/khg.htmlL----QUESTION.
~johnsonm : could not test file error in HyperNews/get/khg.htmlL----QUESTION.
~johnsonm : could not test file error in HyperNews/get/khg.htmlL----QUESTION.
~johnsonm : could not test file error in HyperNews/get/khg.htmlL----QUESTION.
~johnsonm : could not test file error in HyperNews/get/khg.htmlL----QUESTION.
~johnsonm : could not test file error in HyperNews/get/khg.htmlL----QUESTION.
~johnsonm : could not test file error in HyperNews/get/khg.htmlL----QUESTION.
~johnsonm : could not test file error in HyperNews/get/khg.htmlL----QUESTION.
~johnsonm : could not test file error in HyperNews/get/khg.htmlL----QUESTION.
~johnsonm : could not test file error in HyperNews/get/khg.htmlL----QUESTION.
~johnsonm : could not test file error in HyperNews/get/khg.htmlL----QUESTION.
~johnsonm : could not test file error in HyperNews/get/khg.htmlL----QUESTION.
~johnsonm : could not test file error in HyperNews/get/khg.htmlL----QUESTION.
~johnsonm : could not test file error in HyperNews/get/khg.htmlL----QUESTION.
~johnsonm : could not test file error in HyperNews/get/khg.htmlL----QUESTION.
~johnsonm : could not test file error in HyperNews/get/khg.htmlL----QUESTION.
~johnsonm : could not test file error in HyperNews/get/khg.htmlL----QUESTION.
~johnsonm : could not test file error in HyperNews/get/khg.htmlL----QUESTION.
~johnsonm : could not test file error in HyperNews/get/khg.htmlL----QUESTION.
~johnsonm : could not test file error in HyperNews/get/khg.htmlL----QUESTION.
~johnsonm : could not test file error in HyperNews/get/khg.htmlL----QUESTION.
~johnsonm : could not test file error in HyperNews/get/khg.htmlL----QUESTION.
~johnsonm : could not test file error in HyperNews/get/khg.htmlL----QUESTION.
~johnsonm : could not test file error in HyperNews/get/khg.htmlL----QUESTION.
~johnsonm : could not test file error in HyperNews/get/khg.htmlL----QUESTION.
~johnsonm : could not test file error in HyperNews/get/khg.htmlL----QUESTION.
~johnsonm : could not test file error in HyperNews/get/khg/259.htmlL----QUESTION.
~johnsonm/lad/src/map-cat.c.html : 404 : Not Found
~johnsonm/lad/src/ : 404 : Not Found
~johnsonm : could not test file error in HyperNews/get/khg/259/1.htmlL----QUESTION.
~johnsonm : could not test file error in HyperNews/get/khg/213.htmlL----QUESTION.
~johnsonm : could not test file error in HyperNews/get/khg/130.htmlL----QUESTION.
~johnsonm : could not test file error in HyperNews/get/khg/117.htmlL----QUESTION.
~johnsonm : could not test file error in HyperNews/get/khg/117.htmlL----QUESTION.
~johnsonm : could not test file error in HyperNews/get/khg/117.htmlL----QUESTION.
~johnsonm : could not test file error in HyperNews/get/khg/117/1/1.htmlL----QUESTION.
~johnsonm : could not test file error in HyperNews/get/khg/117/1/1.htmlL----QUESTION.
~johnsonm : could not test file error in HyperNews/get/khg/117/1/1.htmlL----QUESTION.
~johnsonm : could not test file error in HyperNews/get/khg/117/1/1/1/1.htmlL----QUESTION.
~johnsonm : could not test file error in HyperNews/get/khg/117/1/1/1/1.htmlL----QUESTION.
~johnsonm : could not test file error in HyperNews/get/khg/117/1/1/1/1.htmlL----QUESTION.
~johnsonm : could not test file error in HyperNews/get/khg/93.htmlL----QUESTION.
~johnsonm : could not test file error in HyperNews/get/khg/76.htmlL----QUESTION.
~johnsonm : could not test file error in HyperNews/get/khg/69.htmlL----QUESTION.
~johnsonm : could not test file error in HyperNews/get/khg/65.htmlL----QUESTION.
~johnsonm : could not test file error in HyperNews/get/khg/25.htmlL----QUESTION.
~johnsonm : could not test file error in HyperNews/get/khg/21.htmlL----QUESTION.
~johnsonm : could not test file error in HyperNews/get/khg/9.htmlL----QUESTION.
~johnsonm : could not test file error in HyperNews/get/khg/7.htmlL----QUESTION.
~johnsonm : could not test file error in HyperNews/get/khg/3.htmlL----QUESTION.
~johnsonm : could not test file error in HyperNews/get/khg/3.htmlL----QUESTION.
~johnsonm : could not test file error in HyperNews/get/khg/3/1.htmlL----QUESTION.
~johnsonm : could not test file error in HyperNews/get/khg/3/1.htmlL----QUESTION.
~johnsonm : could not test file error in HyperNews/get/khg/3/1/1.htmlL----QUESTION.
~johnsonm : could not test file error in HyperNews/get/khg/2.htmlL----QUESTION.
~johnsonm : could not test file error in HyperNews/get/khg/2.htmlL----QUESTION.
~johnsonm : could not test file error in HyperNews/get/khg/2.htmlL----QUESTION.
~johnsonm : could not test file error in HyperNews/get/khg/2.htmlL----QUESTION.
~johnsonm : could not test file error in HyperNews/get/khg/2.htmlL----QUESTION.
~johnsonm : could not test file error in HyperNews/get/khg/2/2.htmlL----QUESTION.
~johnsonm : could not test file error in HyperNews/get/khg/2/2.htmlL----QUESTION.
~johnsonm : could not test file error in HyperNews/get/khg/2/2/1.htmlL----QUESTION.
~johnsonm : could not test file error in HyperNews/get/khg/2/2/1.htmlL----QUESTION.
~johnsonm : could not test file error in HyperNews/get/khg/2/2/1/1.htmlL----QUESTION.
~johnsonm : could not test file error in HyperNews/get/khg/2/2/1/1.htmlL----QUESTION.
~johnsonm : could not test file error in HyperNews/get/khg/2/2/1/1/1.htmlL----QUESTION.
~johnsonm : could not test file error in HyperNews/get/khg/2/2/1/1/1.htmlL----QUESTION.
~johnsonm : could not test file error in HyperNews/get/khg/2/1.htmlL----QUESTION.
~johnsonm : could not test file error in HyperNews/get/khg/2/1.htmlL----QUESTION.
HyperNews/khg.html : 404 : Not Found
~johnsonm : could not test file error in HyperNews/get/khg/2/1/4.htmlL----QUESTION.
~johnsonm : could not test file error in HyperNews/get/khg/2/1/4.htmlL----QUESTION.
~johnsonm : could not test file error in HyperNews/get/khg/2/1/4/1.htmlL----QUESTION.
~johnsonm : could not test file error in HyperNews/get/khg/2/1/4/1.htmlL----QUESTION.
~johnsonm : could not test file error in HyperNews/get/khg/1.htmlL----QUESTION.
