make	       CFLAGS="-c -O -DSYS_V -DANSI_HDRS -traditional" zoo fiz
cc -c -O -DSYS_V -DANSI_HDRS -traditional  -DBIG_MEM -DNDEBUG addbfcrc.c
cc -c -O -DSYS_V -DANSI_HDRS -traditional  -DBIG_MEM -DNDEBUG addfname.c
In file included from addfname.c:16:
zooio.h:31: warning: `NOFILE' redefined
/usr/include/stdio.h:59: warning: this is the location of the previous definition
In file included from various.h:27, from addfname.c:17:
/usr/include/string.h:12: parse error before `void'
/usr/include/string.h:13: parse error before `void'
/usr/include/string.h:15: parse error before `char'
/usr/include/string.h:16: parse error before `char'
/usr/include/string.h:20: parse error before `const'
/usr/include/string.h:21: parse error before `const'
/usr/include/string.h:21: warning: conflicting types for built-in function `memcpy'
/usr/include/string.h:22: parse error before `const'
/usr/include/string.h:23: parse error before `void'
/usr/include/string.h:25: parse error before `void'
/usr/include/string.h:27: parse error before `char'
/usr/include/string.h:28: parse error before `const'
/usr/include/string.h:29: parse error before `char'
/usr/include/string.h:30: parse error before `char'
/usr/include/string.h:31: parse error before `char'
/usr/include/string.h:32: parse error before `const'
/usr/include/string.h:33: parse error before `char'
/usr/include/string.h:34: parse error before `char'
/usr/include/string.h:35: parse error before `char'
/usr/include/string.h:35: warning: conflicting types for built-in function `strlen'
/usr/include/string.h:36: parse error before `const'
/usr/include/string.h:37: parse error before `char'
/usr/include/string.h:38: parse error before `const'
/usr/include/string.h:39: parse error before `char'
/usr/include/string.h:40: parse error before `char'
/usr/include/string.h:42: parse error before `char'
/usr/include/string.h:43: parse error before `char'
/usr/include/string.h:44: parse error before `const'
/usr/include/string.h:45: parse error before `const'
/usr/include/string.h:48: parse error before `char'
/usr/include/string.h:50: parse error before `void'
In file included from various.h:28, from addfname.c:17:
/usr/include/stdlib.h:35: syntax error before `void'
/usr/include/stdlib.h:38: parse error before `char'
/usr/include/stdlib.h:39: parse error before `char'
/usr/include/stdlib.h:40: parse error before `char'
/usr/include/stdlib.h:41: parse error before `char'
/usr/include/stdlib.h:42: parse error before `char'
/usr/include/stdlib.h:44: parse error before `char'
/usr/include/stdlib.h:73: parse error before `char'
/usr/include/stdlib.h:74: parse error before `char'
/usr/include/stdlib.h:75: parse error before `char'
/usr/include/stdlib.h:76: parse error before `void'
/usr/include/stdlib.h:78: parse error before `void'
/usr/include/stdlib.h:80: parse error before `void'
/usr/include/stdlib.h:90: parse error before `char'
/usr/include/stdlib.h:91: parse error before `char'
/usr/include/stdlib.h:94: parse error before `char'
/usr/include/stdlib.h:112: parse error before `char'
/usr/include/stdlib.h:115: parse error before `const'
/usr/include/stdlib.h:121: parse error before `const'
/usr/include/stdlib.h:123: parse error before `const'
/usr/include/stdlib.h:136: parse error before `char'
/usr/include/stdlib.h:138: parse error before `char'
make[1]: *** [addfname.o] Error 1
make: *** [linux] Error 1
