This is TeX, Version 3.1415 (C version 6.0) (format=latex2e 94.1.30)  24 FEB 1995 12:18
**images.tex
(images.tex
LaTeX2e <1993/12/24> PRELIMINARY TEST RELEASE

 * Linux I&GS Guide, mdw@sunsite.unc.edu.
 * Version 2.2.2 , 11 February 1995 .
(/usr/TeX/lib/texmf/tex/latex2e/latex209.cmp
Entering LaTeX 2.09 compatibility mode <1993/12/20>.
(/usr/TeX/lib/texmf/tex/latex2e/oldlfont.sty
Package: `oldlfont' v2.1f <93/12/20> (FMi and RmS)
English Documentation     <93/12/06> (FMi and RmS)
(/usr/TeX/lib/texmf/tex/latex2e/tracefnt.sty
Package: `tracefnt' v2.2e <1993/12/19> (FMi and RmS)
English Documentation     <1993/11/11> (FMi and RmS)
\tracingfonts=\count83
)
\symbold=\mathgroup4
\symsans=\mathgroup5
\symtypewriter=\mathgroup6
\symitalic=\mathgroup7
\symsmallcaps=\mathgroup8
\symslanted=\mathgroup9

NFSS Info: Redeclaring math alphabet \mathbf on input line 75.


NFSS Info: Redeclaring math alphabet \mathsf on input line 76.


NFSS Info: Redeclaring math alphabet \mathtt on input line 77.


NFSS Info: Redeclaring math alphabet \mathit on input line 83.

NFSS Note: Redeclaring math delimiter \lgroup on input line 87.
NFSS Note: Redeclaring math delimiter \rgroup on input line 89.
NFSS Note: Redeclaring math delimiter \bracevert on input line 91.
(/usr/TeX/lib/texmf/tex/latex2e/latexsym.sty
Package: `latexsym' v2.1a  <93/12/06> (FMi)
English Documentation      <93/12/06> (FMi)
\symlasy=\mathgroup10
NFSS Note: Overwriting symbol font `lasy' in version `bold'
NFSS           U/lasy/m/n --> U/lasy/b/n on input line 52.
))) (/usr/TeX/lib/texmf/tex/latex2e/report.cls
Standard Document Class `report' <1993/12/20>.
(/usr/TeX/lib/texmf/tex/latex2e/size10.clo
NFSS Note: External font `cmex10' loaded for size <7> on input line 48.
NFSS Note: External font `cmex10' loaded for size <5> on input line 48.
NFSS Note: Try loading font information for U+lasy on input line 48.
(/usr/TeX/lib/texmf/tex/latex2e/Ulasy.fd
Fontdef file produced from: `latexsym.dtx' v2.1a <93/12/06> (FMi and RmS)
))
\c@part=\count84
\c@chapter=\count85
\c@section=\count86
\c@subsection=\count87
\c@subsubsection=\count88
\c@paragraph=\count89
\c@subparagraph=\count90
\c@figure=\count91
\c@table=\count92
\abovecaptionskip=\skip42
\belowcaptionskip=\skip43
Compatibility mode: redefinition of \rm ignored.
Compatibility mode: redefinition of \sf ignored.
Compatibility mode: redefinition of \tt ignored.
Compatibility mode: redefinition of \bf ignored.
Compatibility mode: redefinition of \it ignored.
Compatibility mode: redefinition of \sl ignored.
Compatibility mode: redefinition of \sc ignored.
\bibindent=\dimen104
) (/s4/source/install-guide-2.2.2/linuxdoc.sty
Linux Documentation Style `linuxdoc', version 0.40 <7 Oct 93>
) (/s4/source/install-guide-2.2.2/lotex.sty)
\@indexfile=\write4
Writing index file images.idx 
\lthtmlwrite=\write5
\sizebox=\box25
(images.aux)
NFSS Note: Check substitution defaults for T1/cmr/m/n on input line 77.
NFSS Note: ... okay on input line 77.
NFSS Note: Check substitution defaults for OT1/cmr/m/n on input line 77.
NFSS Note: ... okay on input line 77.
NFSS Note: Check substitution defaults for OML/cmm/m/it on input line 77.
NFSS Note: ... okay on input line 77.
NFSS Note: Check substitution defaults for OMS/cmsy/m/n on input line 77.
NFSS Note: ... okay on input line 77.
NFSS Note: Check substitution defaults for OMX/cmex/m/n on input line 77.
NFSS Note: ... okay on input line 77.
NFSS Note: Check substitution defaults for U/cmr/m/n on input line 77.
NFSS Note: ... okay on input line 77.
[1


] [2

] [3

] [4

] [5

] [6

]
NFSS Note: External font `cmex10' loaded for size <9> on input line 114.
NFSS Note: External font `cmex10' loaded for size <6> on input line 114.
[7

] [8

]
latex2htmlSize :tex2html_wrap_inline10304: 4.44444pt::0.0pt.
[9

] [10

] [11

] [12

] [13

] [14

] [15

] [16

] [17

] [18

] [19

] [20

] [21

] [22

] [23

] [24

] [25

] [26

] [27

] [28

] [29

] [30

] [31

] [32

] [33

] [34

] [35

] [36

] [37

] [38

] [39

] [40

] [41

] [42

] [43

] [44

] [45

] [46

] [47

] [48

] [49

] [50

] [51

] [52

] [53

] [54

] [55

] [56

] [57

] [58

] [59

] [60

] [61

] [62

] [63

] [64

] [65

] [66

] [67

] [68

] [69

] [70

] [71

] [72

] [73

] [74

] [75

] [76

] [77

] [78

] [79

] [80

] [81

] [82

] [83

] [84

] [85

] [86

] [87

] [88

] [89

] [90

] [91

] [92

] [93

] [94

] [95

] [96

] [97

] [98

] [99

] [100

] [101] [102


] [103

] [104

] [105

] [106

] [107

] [108

] [109

] [110

] [111

] [112

] [113

] [114

] [115

] [116

] [117

] [118

] [119

] [120

] [121

] [122

] [123

] [124

] [125

] [126

] [127

] [128

] [129

] [130

] [131

] [132

] [133

] [134

] [135

] [136

] [137

] [138

] [139

] [140

] [141

] [142

] [143

] [144

] [145

] [146

] [147

] [148

] [149

] [150

] [151

] [152

] [153

] [154

] [155

] [156

] [157

] [158

] [159

] [160

] [161

] [162

] [163

] [164

] [165

] [166

] [167

] [168

] [169

] [170

] [171

] [172

] [173

] [174

] [175

] [176

] [177

] [178

] [179

] [180

] [181

] [182

] [183

] [184

]
latex2htmlSize :tex2html_wrap_inline11232: 7.5pt::2.5pt.
[185

]
latex2htmlSize :tex2html_wrap_inline11234: 7.5pt::2.5pt.
[186

]
latex2htmlSize :tex2html_wrap_inline11236: 7.5pt::2.5pt.
[187

]
latex2htmlSize :tex2html_wrap_inline11238: 7.5pt::2.5pt.
[188

] [189

] [190

] [191

] [192

] [193

] [194

] [195

] [196

] [197

] [198

] [199

] [200

] [201

] [202

] [203

] [204

] [205

] [206

] [207

] [208

] [209

] [210

] [211

] [212

] [213

] [214

] [215

] [216

] [217

] [218

] [219

] [220

] [221

] [222

] [223

] [224

] [225

] [226

] [227

] [228

] [229

] [230

] [231

] [232

] [233

] [234

] [235

] [236

] [237

] [238

] [239

] [240

] [241

] [242

] [243

] [244

] [245

] [246

] [247

] [248

] [249

] [250

] [251

] [252

] [253

] [254

] [255

] [256

] [257

] [258

] [259

] [260

]
latex2htmlSize :tex2html_wrap_inline11626: 7.5pt::2.5pt.
[261

]
latex2htmlSize :tex2html_wrap_inline11630: 7.5pt::2.5pt.
[262

] [263

] [264

] [265

] [266

] [267

] [268

]
latex2htmlSize :tex2html_wrap_inline11738: 7.5pt::2.5pt.
[269

] [270

] [271

] [272

] [273

] [274

] [275

] [276

] [277

] [278

] [279

] [280

] [281

] [282

] [283

] [284

] [285

] [286

] [287

] [288

] [289

] [290

] [291

] [292

] [293

] [294

] [295

] [296

] [297

] [298

] [299

] [300

] [301

] [302

] [303

] [304

] [305

] [306

] [307

] [308

] [309

] [310

] [311

] [312

] [313

] [314

] [315

] [316

] [317

] [318

] [319

] [320

] (images.aux)
LaTeX Warning: Label(s) may have changed. Rerun to get cross-references right.
 ) 
Here is how much of TeX's memory you used:
 552 strings out of 11425
 6282 string characters out of 78358
 44934 words of memory out of 262141
 2958 multiletter control sequences out of 9500
 14894 words of font info for 55 fonts, out of 100000 for 255
 14 hyphenation exceptions out of 607
 29i,10n,54p,221b,304s stack positions out of 300i,40n,60p,3000b,4000s

Output written on images.dvi (320 pages, 46252 bytes).
