This is Common TeX, Version 2.9 (preloaded format=plain 90.2.15) 13 SEP 199
0 12:24
**dld.texinfo 
(./dld.texinfo (./texinfo.tex Loading texinfo package [Version 1.26]: 
Basics,
\bindingoffset=\dimen16
\normaloffset=\dimen17
\pagewidth=\dimen18
\pageheight=\dimen19
\cornerlong=\dimen20
\cornerthick=\dimen21
\topandbottommargin=\dimen22
\outerhsize=\dimen23
\outervsize=\dimen24
\EMsimple=\toks12
\singlespaceskip=\skip18
 fonts,
\fontdepth=\count25
 page headings,
\titlepagetopglue=\skip19
\titlepagebottomglue=\skip20
\realeverypar=\toks13
\evenheadline=\toks14
\oddheadline=\toks15
\evenfootline=\toks16
\oddfootline=\toks17
 tables,
\tableindent=\dimen25
\itemindent=\dimen26
\itemmargin=\dimen27
\itemmax=\dimen28
\itemno=\count26
 indexing,
\initialskipamount=\skip21
\secondaryindent=\skip22
\partialpage=\box16
\doublecolumnhsize=\dimen29
\doublecolumnvsize=\dimen30
 sectioning,
\chapno=\count27
\secno=\count28
\subsecno=\count29
\subsubsecno=\count30
\appendixno=\count31
\contentsfile=\write0
\chapheadingskip=\skip23
\subsecheadingskip=\skip24
\secheadingskip=\skip25

toc printing,
\tocindent=\dimen31
 environments,
\lispnarrowing=\skip26
\aboveenvskipamount=\skip27
 defuns,
\defbodyindent=\skip28
\defargsindent=\skip29
\deftypemargin=\skip30
\deflastargmargin=\skip31
\parencount=\count32
 cross reference,
\auxfile=\write1
\footnoteno=\count33

and turning on texinfo input format.)
@cpindfile=@write2
@fnindfile=@write3
@vrindfile=@write4
@tpindfile=@write5
@kyindfile=@write6
@pgindfile=@write7

! Missing } inserted.
<inserted text> 
                }
<to be read again> 
                   @vskip 
<argument> ...font {Dld} @vskip 
                                4pt @hrule height 4pt @vskip 4pt
@leftline #1->@line {#1
                       @hss }
@next ... height 4pt @vskip 4pt}
                                @vglue @titlepagetopglue @def...
l.26 @title Dld
               
? 

Underfull \hbox (badness 10000) detected at line 26
@titlerm Dld 

@hbox(11.99998+0.0)x469.75499, glue set 238.3593
.@titlerm D
.@titlerm l
.@titlerm d
.@glue 3.65 plus 1.825 minus 1.21666

! Extra }, or forgotten @endgroup.
@leftline #1->@line {#1@hss }
                             
@next ... height 4pt @vskip 4pt}
                                @vglue @titlepagetopglue @def...
l.26 @title Dld
               
? 
! Use of @next doesn't match its definition.
@parsearglinex ...dgroup @next {
                                #1}
l.27 ...namic Link/Unlink Editor
                                
? 
! Extra }, or forgotten @endgroup.
@parsearglinex ...oup @next {#1}
                                
l.27 ...namic Link/Unlink Editor
                                
? 
! Use of @next doesn't match its definition.
@parsearglinex ...dgroup @next {
                                #1}
l.28 ...ght{} 1990 W. Wilson Ho.
                                
? 
! Extra }, or forgotten @endgroup.
@parsearglinex ...oup @next {#1}
                                
l.28 ...ght{} 1990 W. Wilson Ho.
                                
? 
! Use of @next doesn't match its definition.
@parsearglinex ...dgroup @next {
                                #1}
l.29 @author by W. Wilson Ho
                            
? 
! Extra }, or forgotten @endgroup.
@parsearglinex ...oup @next {#1}
                                
l.29 @author by W. Wilson Ho
                            
? 
[1] Chapter 1
WARNING: Cross-reference "Error Codes-snt" used but not yet defined 
WARNING: Cross-reference "Error Codes-pg" used but not yet defined 
[1] [2]
WARNING: Cross-reference "Side Effect-snt" used but not yet defined 
WARNING: Cross-reference "Side Effect-pg" used but not yet defined 
[3]
Overfull \hbox (20.98305pt too wide) in paragraph at lines 221--224
\subtitlerm wise, they re-turn a non-zero er-ror code (see $\teni <$\sub
titlerm undefined$\teni >$ \subtitlerm [Def-i-ni-tion of Er-ror Codes], 
page $\teni <$\subtitlerm undefined$\teni >$\subtitlerm ). |

\hbox(8.2125+2.73749)x469.75499, glue set - 1.0
.\subtitlerm w
.\subtitlerm i
.\subtitlerm s
.\subtitlerm e
.\subtitlerm ,
.etc.

[4] [5] [6]
Output written on dld.dvi (7 pages, 14468 bytes).
